2024-09-22 14:10:21.466 | INFO     | __main__:main:9 - Starting the prediction process, running  the application ...
2024-09-22 14:10:21.470 | INFO     | model.model_service:load_model:39 - Checking the existence of model config file ...
2024-09-22 14:10:21.470 | WARNING  | model.model_service:load_model:47 - Model not found at model/models/random_forest_db_v_0.1.1.joblib -> building a new random_forest_db model ...
2024-09-22 14:10:21.470 | INFO     | model.pipeline.model:build_model:29 - Starting  Building Model Pipeline ...
2024-09-22 14:10:21.471 | INFO     | model.pipeline.preparation:prepare_data:23 - Preparing data pipeline processing ...
2024-09-22 14:10:21.471 | INFO     | model.pipeline.collect:load_data_from_db:48 - Loading data from database ...
2024-09-22 14:10:21.496 | INFO     | model.pipeline.preparation:encode_cat_cols:60 - Encoding categorical columns ['balcony', 'parking', 'furnished', 'garage', 'storage']
2024-09-22 14:10:21.503 | INFO     | model.pipeline.preparation:parse_garden_col:86 - Parsing 'garden' column ...
2024-09-22 14:10:21.746 | INFO     | model.pipeline.model:get_X_y:86 - Getting X, y data ...
2024-09-22 14:10:21.747 | INFO     | model.pipeline.model:split_train_test:123 - Splitting data in train and test
2024-09-22 14:10:21.761 | INFO     | model.pipeline.model:train_model:150 - Training model and tunning hyperparams ...
2024-09-22 14:10:21.761 | DEBUG    | model.pipeline.model:train_model:153 - Grid Space is {'n_estimators': [100, 200, 300], 'max_depth': [3, 6, 9, 12]}  ..
2024-09-22 14:10:37.951 | INFO     | model.pipeline.model:evaluate_model:182 - Evaluating Model, Score is 0.73
2024-09-22 14:10:37.964 | INFO     | model.pipeline.model:save_model:207 - Saving Model at model/models/random_forest_db_v_0.1.1.joblib
2024-09-22 14:10:38.046 | INFO     | model.model_service:load_model:50 - Model random_forest_db exists -> Loading Model from model/models/random_forest_db_v_0.1.1.joblib ...
2024-09-22 14:10:38.092 | INFO     | model.model_service:predict:67 - Predicting the price of the house with the following parameters [85, 2015, 2, 20, 1, 1, 0, 0, 1] ...
2024-09-22 14:10:38.099 | INFO     | __main__:main:15 - Prediction is: 2030.42 ...
2024-09-22 14:10:38.099 | INFO     | __main__:main:16 - Application run completed ...
2024-09-22 16:41:16.165 | INFO     | __main__:main:9 - Starting the prediction process, running  the application ...
2024-09-22 16:41:16.169 | INFO     | model.model_service:load_model:45 - Checking the existence of model config file ...
2024-09-22 16:41:16.170 | ERROR    | __main__:<module>:20 - An error has been caught in function '<module>', process 'MainProcess' (69242), thread 'MainThread' (140468978683904):
Traceback (most recent call last):

> File "/home/mamadou/datascience2ml/src/runner.py", line 20, in <module>
    main()
    └ <function main at 0x7fc17b763ac0>

  File "/home/mamadou/datascience2ml/src/runner.py", line 12, in main
    ml_svc.load_model()
    │      └ <function ModelService.load_model at 0x7fc131607370>
    └ <model.model_service.ModelService object at 0x7fc1572c32b0>

  File "/home/mamadou/datascience2ml/src/model/model_service.py", line 49, in load_model
    joblib_model = self.model_name + '_v_' + settings.VERSION + '.joblib'
                   │    └ 'random_forest_db'
                   └ <model.model_service.ModelService object at 0x7fc1572c32b0>

NameError: name 'settings' is not defined
2024-09-22 16:52:00.593 | INFO     | __main__:main:9 - Starting the prediction process, running  the application ...
2024-09-22 16:52:00.593 | INFO     | model.model_service:load_model:45 - Checking the existence of model config file ...
2024-09-22 16:52:00.593 | WARNING  | model.model_service:load_model:54 - Model not found at model/models/random_forest_db_v_0.1.1.joblib ->                 building a new random_forest_db model ...
2024-09-22 16:52:00.593 | INFO     | model.pipeline.model:build_model:40 - Starting  Building Model Pipeline ...
2024-09-22 16:52:00.594 | INFO     | model.pipeline.preparation:prepare_data:31 - Preparing data pipeline processing ...
2024-09-22 16:52:00.594 | INFO     | model.pipeline.collect:load_data_from_db:62 - Loading data from database ...
2024-09-22 16:52:00.729 | INFO     | model.pipeline.preparation:encode_cat_cols:68 - Encoding categorical columns ['balcony', 'parking', 'furnished', 'garage', 'storage']
2024-09-22 16:52:00.868 | INFO     | model.pipeline.preparation:parse_garden_col:95 - Parsing 'garden' column ...
2024-09-22 16:52:00.869 | INFO     | model.pipeline.model:get_X_y:92 - Getting X, y data ...
2024-09-22 16:52:00.870 | INFO     | model.pipeline.model:split_train_test:129 - Splitting data in train and test
2024-09-22 16:52:00.877 | INFO     | model.pipeline.model:train_model:156 - Training model and tunning hyperparams ...
2024-09-22 16:52:00.877 | DEBUG    | model.pipeline.model:train_model:159 - Grid Space is {'n_estimators': [100, 200, 300], 'max_depth': [3, 6, 9, 12]}  ..
2024-09-22 16:52:17.208 | INFO     | model.pipeline.model:evaluate_model:190 - Evaluating Model, Score is         0.72
2024-09-22 16:52:17.214 | INFO     | model.pipeline.model:save_model:217 - Saving Model at model/models/random_forest_db_v_0.1.1.joblib
2024-09-22 16:52:17.245 | INFO     | model.model_service:load_model:58 - Model random_forest_db exists ->            Loading Model from model/models/random_forest_db_v_0.1.1.joblib ...
2024-09-22 16:52:17.262 | INFO     | model.model_service:predict:77 - Predicting the price of the house with             the following parameters                 [85, 2015, 2, 20, 1, 1, 0, 0, 1] ...
2024-09-22 16:52:17.266 | INFO     | __main__:main:15 - Prediction is: 1998.24 ...
2024-09-22 16:52:17.266 | INFO     | __main__:main:16 - Application run completed ...
2024-09-22 16:54:22.305 | INFO     | __main__:main:9 - Starting the prediction process, running  the application ...
2024-09-22 16:54:22.305 | INFO     | model.model_service:load_model:45 - Checking the existence of model config file ...
2024-09-22 16:54:22.305 | WARNING  | model.model_service:load_model:54 - Model not found at model/models/random_forest_db_v_0.1.1.joblib ->                 building a new random_forest_db model ...
2024-09-22 16:54:22.305 | INFO     | model.pipeline.model:build_model:40 - Starting  Building Model Pipeline ...
2024-09-22 16:54:22.305 | INFO     | model.pipeline.preparation:prepare_data:31 - Preparing data pipeline processing ...
2024-09-22 16:54:22.306 | INFO     | model.pipeline.collect:load_data_from_db:62 - Loading data from database ...
2024-09-22 16:54:22.318 | INFO     | model.pipeline.preparation:encode_cat_cols:68 - Encoding categorical columns ['balcony', 'parking', 'furnished', 'garage', 'storage']
2024-09-22 16:54:22.322 | INFO     | model.pipeline.preparation:parse_garden_col:95 - Parsing 'garden' column ...
2024-09-22 16:54:22.323 | INFO     | model.pipeline.model:get_X_y:92 - Getting X, y data ...
2024-09-22 16:54:22.324 | INFO     | model.pipeline.model:split_train_test:129 - Splitting data in train and test
2024-09-22 16:54:22.325 | INFO     | model.pipeline.model:train_model:156 - Training model and tunning hyperparams ...
2024-09-22 16:54:22.325 | DEBUG    | model.pipeline.model:train_model:159 - Grid Space is {'n_estimators': [100, 200, 300], 'max_depth': [3, 6, 9, 12]}  ..
2024-09-22 16:54:39.021 | INFO     | model.pipeline.model:evaluate_model:190 - Evaluating Model, Score is         0.72
2024-09-22 16:54:39.032 | INFO     | model.pipeline.model:save_model:217 - Saving Model at model/models/random_forest_db_v_0.1.1.joblib
2024-09-22 16:54:39.090 | INFO     | model.model_service:load_model:58 - Model random_forest_db exists ->            Loading Model from model/models/random_forest_db_v_0.1.1.joblib ...
2024-09-22 16:54:39.125 | INFO     | model.model_service:predict:77 - Predicting the price of the house with             the following parameters                 [85, 2015, 2, 20, 1, 1, 0, 0, 1] ...
2024-09-22 16:54:39.133 | INFO     | __main__:main:15 - Prediction is: 1984.48 ...
2024-09-22 16:54:39.133 | INFO     | __main__:main:16 - Application run completed ...
2024-09-22 19:09:43.123 | INFO     | __main__:main:9 - Starting the prediction process, running         the application ...
2024-09-22 19:09:43.127 | INFO     | model.model_service:load_model:43 - Checking the existence of model config file ...
2024-09-22 19:09:43.127 | WARNING  | model.model_service:load_model:52 - Model not found at model/models/random_forest_db_v_0.1.2.joblib ->                 building a new random_forest_db model ...
2024-09-22 19:09:43.128 | INFO     | model.pipeline.model:build_model:44 - Starting  Building Model Pipeline ...
2024-09-22 19:09:43.128 | INFO     | model.pipeline.preparation:prepare_data:33 - Preparing data pipeline processing ...
2024-09-22 19:09:43.128 | INFO     | model.pipeline.collect:load_data_from_db:64 - Loading data from database ...
2024-09-22 19:09:43.156 | INFO     | model.pipeline.preparation:encode_cat_cols:81 - Encoding categorical columns ['balcony', 'parking', 'furnished', 'garage', 'storage']
2024-09-22 19:09:43.167 | INFO     | model.pipeline.preparation:parse_garden_col:111 - Parsing 'garden' column ...
2024-09-22 19:09:43.169 | INFO     | model.pipeline.model:get_X_y:96 - Getting X, y data ...
2024-09-22 19:09:43.170 | INFO     | model.pipeline.model:split_train_test:134 - Splitting data in train and test
2024-09-22 19:09:43.174 | INFO     | model.pipeline.model:train_model:161 - Training model and tunning hyperparams ...
2024-09-22 19:09:43.175 | DEBUG    | model.pipeline.model:train_model:164 - Grid Space is {'n_estimators': [100, 200, 300], 'max_depth': [3, 6, 9, 12]}  ..
2024-09-22 19:10:05.902 | INFO     | model.pipeline.model:evaluate_model:195 - Evaluating Model, Score is         0.72
2024-09-22 19:10:05.921 | INFO     | model.pipeline.model:save_model:222 - Saving Model at model/models/random_forest_db_v_0.1.2.joblib
2024-09-22 19:10:06.074 | INFO     | model.model_service:load_model:56 - Model random_forest_db exists ->            Loading Model from model/models/random_forest_db_v_0.1.2.joblib ...
2024-09-22 19:10:06.130 | INFO     | model.model_service:predict:75 - Predicting the price of the house with             the following parameters                 [85, 2015, 2, 20, 1, 1, 0, 0, 1] ...
2024-09-22 19:10:06.140 | INFO     | __main__:main:16 - Prediction is: 2008.15 ...
2024-09-22 19:10:06.140 | INFO     | __main__:main:17 - Application run completed ...
2024-09-22 19:10:59.162 | INFO     | __main__:main:9 - Starting the prediction process, running         the application ...
2024-09-22 19:10:59.162 | INFO     | model.model_service:load_model:43 - Checking the existence of model config file ...
2024-09-22 19:10:59.163 | WARNING  | model.model_service:load_model:52 - Model not found at model/models/random_forest_db_v_0.1.3.joblib ->                 building a new random_forest_db model ...
2024-09-22 19:10:59.163 | INFO     | model.pipeline.model:build_model:44 - Starting  Building Model Pipeline ...
2024-09-22 19:10:59.163 | INFO     | model.pipeline.preparation:prepare_data:33 - Preparing data pipeline processing ...
2024-09-22 19:10:59.163 | INFO     | model.pipeline.collect:load_data_from_db:64 - Loading data from database ...
2024-09-22 19:10:59.185 | INFO     | model.pipeline.preparation:encode_cat_cols:81 - Encoding categorical columns ['balcony', 'parking', 'furnished', 'garage', 'storage']
2024-09-22 19:10:59.191 | INFO     | model.pipeline.preparation:parse_garden_col:111 - Parsing 'garden' column ...
2024-09-22 19:10:59.193 | INFO     | model.pipeline.model:get_X_y:96 - Getting X, y data ...
2024-09-22 19:10:59.194 | INFO     | model.pipeline.model:split_train_test:134 - Splitting data in train and test
2024-09-22 19:10:59.196 | INFO     | model.pipeline.model:train_model:161 - Training model and tunning hyperparams ...
2024-09-22 19:10:59.196 | DEBUG    | model.pipeline.model:train_model:164 - Grid Space is {'n_estimators': [100, 200, 300], 'max_depth': [3, 6, 9, 12]}  ..
2024-09-22 19:11:21.557 | INFO     | model.pipeline.model:evaluate_model:195 - Evaluating Model, Score is         0.72
2024-09-22 19:11:21.565 | INFO     | model.pipeline.model:save_model:222 - Saving Model at model/models/random_forest_db_v_0.1.3.joblib
2024-09-22 19:11:21.614 | INFO     | model.model_service:load_model:56 - Model random_forest_db exists ->            Loading Model from model/models/random_forest_db_v_0.1.3.joblib ...
2024-09-22 19:11:21.635 | INFO     | model.model_service:predict:75 - Predicting the price of the house with             the following parameters                 [85, 2015, 2, 20, 1, 1, 0, 0, 1] ...
2024-09-22 19:11:21.643 | INFO     | __main__:main:16 - Prediction is: 2037.05 ...
2024-09-22 19:11:21.643 | INFO     | __main__:main:17 - Application run completed ...
2024-09-22 20:33:07.224 | INFO     | __main__:main:18 - Starting the prediction process, running         the application ...
2024-09-22 20:33:07.228 | ERROR    | __main__:<module>:30 - An error has been caught in function '<module>', process 'MainProcess' (168378), thread 'MainThread' (139877773598720):
Traceback (most recent call last):

> File "/home/mamadou/datascience2ml/src/runner.py", line 30, in <module>
    main()
    └ <function main at 0x7f37d4c512d0>

  File "/home/mamadou/datascience2ml/src/runner.py", line 20, in main
    ml_svc = ModelService()
             └ <class 'model.model_service.ModelService'>

  File "/home/mamadou/datascience2ml/src/model/model_service.py", line 38, in __init__
    self.model_name = model_settings.MODELS_NAME
    │                 └ ModelSettings(models_path=PosixPath('model/models'), models_name='random_forest_db', version='0.1.4', data_file_name='rent_ap...
    └ <model.model_service.ModelService object at 0x7f37b05b2fb0>

  File "/home/mamadou/datascience2ml/.venv/lib/python3.10/site-packages/pydantic/main.py", line 828, in __getattr__
    raise AttributeError(f'{type(self).__name__!r} object has no attribute {item!r}')

AttributeError: 'ModelSettings' object has no attribute 'MODELS_NAME'
2024-09-22 20:34:06.680 | INFO     | __main__:main:18 - Starting the prediction process, running         the application ...
2024-09-22 20:34:06.681 | ERROR    | __main__:<module>:30 - An error has been caught in function '<module>', process 'MainProcess' (168907), thread 'MainThread' (139684535742464):
Traceback (most recent call last):

> File "/home/mamadou/datascience2ml/src/runner.py", line 30, in <module>
    main()
    └ <function main at 0x7f0ad6e552d0>

  File "/home/mamadou/datascience2ml/src/runner.py", line 20, in main
    ml_svc = ModelService()
             └ <class 'model.model_service.ModelService'>

  File "/home/mamadou/datascience2ml/src/model/model_service.py", line 38, in __init__
    self.model_name = model_settings.MODELS_NAME
    │                 └ ModelSettings(models_path=PosixPath('model/models'), models_name='random_forest_db', version='0.1.5', data_file_name='rent_ap...
    └ <model.model_service.ModelService object at 0x7f0ab27af0d0>

  File "/home/mamadou/datascience2ml/.venv/lib/python3.10/site-packages/pydantic/main.py", line 828, in __getattr__
    raise AttributeError(f'{type(self).__name__!r} object has no attribute {item!r}')

AttributeError: 'ModelSettings' object has no attribute 'MODELS_NAME'
2024-09-22 20:38:44.953 | INFO     | __main__:main:18 - Starting the prediction process, running         the application ...
2024-09-22 20:38:44.953 | INFO     | model.model_service:load_model:43 - Checking the existence of model config file ...
2024-09-22 20:38:44.953 | WARNING  | model.model_service:load_model:52 - Model not found at model/models/random_forest_db_V_0.1.5.joblib ->                 building a new random_forest_db model ...
2024-09-22 20:38:44.953 | INFO     | model.pipeline.model:build_model:44 - Starting  Building Model Pipeline ...
2024-09-22 20:38:44.953 | INFO     | model.pipeline.preparation:prepare_data:33 - Preparing data pipeline processing ...
2024-09-22 20:38:44.953 | INFO     | model.pipeline.collect:load_data_from_db:64 - Loading data from database ...
2024-09-22 20:38:44.999 | INFO     | model.pipeline.preparation:encode_cat_cols:81 - Encoding categorical columns ['balcony', 'parking', 'furnished', 'garage', 'storage']
2024-09-22 20:38:45.015 | INFO     | model.pipeline.preparation:parse_garden_col:111 - Parsing 'garden' column ...
2024-09-22 20:38:45.016 | INFO     | model.pipeline.model:get_X_y:96 - Getting X, y data ...
2024-09-22 20:38:45.017 | INFO     | model.pipeline.model:split_train_test:134 - Splitting data in train and test ...
2024-09-22 20:38:45.022 | INFO     | model.pipeline.model:train_model:162 - Training model and tunning hyperparams ...
2024-09-22 20:38:45.022 | DEBUG    | model.pipeline.model:train_model:165 - Grid Space is {'n_estimators': [100, 200, 300], 'max_depth': [3, 6, 9, 12]}  ...
2024-09-22 20:39:01.158 | INFO     | model.pipeline.model:evaluate_model:196 - Evaluating Model, Score is         0.74
2024-09-22 20:39:01.172 | INFO     | model.pipeline.model:save_model:223 - Saving Model at model/models/random_forest_db_v_0.1.5.joblib
2024-09-22 20:39:01.269 | INFO     | model.model_service:load_model:56 - Model random_forest_db exists ->            Loading Model from model/models/random_forest_db_V_0.1.5.joblib ...
2024-09-22 20:39:01.269 | ERROR    | __main__:<module>:30 - An error has been caught in function '<module>', process 'MainProcess' (170976), thread 'MainThread' (139787699269632):
Traceback (most recent call last):

> File "/home/mamadou/datascience2ml/src/runner.py", line 30, in <module>
    main()
    └ <function main at 0x7f22dc07a560>

  File "/home/mamadou/datascience2ml/src/runner.py", line 22, in main
    ml_svc.load_model()
    │      └ <function ModelService.load_model at 0x7f2291f84550>
    └ <model.model_service.ModelService object at 0x7f22dbed08b0>

  File "/home/mamadou/datascience2ml/src/model/model_service.py", line 58, in load_model
    with open(model_path, 'rb') as file:
              └ PosixPath('model/models/random_forest_db_V_0.1.5.joblib')

FileNotFoundError: [Errno 2] No such file or directory: 'model/models/random_forest_db_V_0.1.5.joblib'
2024-09-22 20:44:19.671 | INFO     | __main__:main:18 - Starting the prediction process, running         the application ...
2024-09-22 20:44:19.671 | INFO     | model.model_service:load_model:43 - Checking the existence of model config file ...
2024-09-22 20:44:19.672 | WARNING  | model.model_service:load_model:52 - Model not found at model/models/random_forest_db_V_0.1.5.joblib ->                 building a new random_forest_db model ...
2024-09-22 20:44:19.672 | INFO     | model.pipeline.model:build_model:44 - Starting  Building Model Pipeline ...
2024-09-22 20:44:19.672 | INFO     | model.pipeline.preparation:prepare_data:33 - Preparing data pipeline processing ...
2024-09-22 20:44:19.672 | INFO     | model.pipeline.collect:load_data_from_db:64 - Loading data from database ...
2024-09-22 20:44:19.684 | INFO     | model.pipeline.preparation:encode_cat_cols:81 - Encoding categorical columns ['balcony', 'parking', 'furnished', 'garage', 'storage']
2024-09-22 20:44:19.688 | INFO     | model.pipeline.preparation:parse_garden_col:111 - Parsing 'garden' column ...
2024-09-22 20:44:19.689 | INFO     | model.pipeline.model:get_X_y:96 - Getting X, y data ...
2024-09-22 20:44:19.689 | INFO     | model.pipeline.model:split_train_test:134 - Splitting data in train and test ...
2024-09-22 20:44:19.691 | INFO     | model.pipeline.model:train_model:162 - Training model and tunning hyperparams ...
2024-09-22 20:44:19.691 | DEBUG    | model.pipeline.model:train_model:165 - Grid Space is {'n_estimators': [100, 200, 300], 'max_depth': [3, 6, 9, 12]}  ...
2024-09-22 20:44:36.188 | INFO     | model.pipeline.model:evaluate_model:196 - Evaluating Model, Score is         0.73
2024-09-22 20:44:36.196 | INFO     | model.pipeline.model:save_model:223 - Saving Model at model/models/random_forest_db_v_0.1.5.joblib
2024-09-22 20:44:36.246 | INFO     | model.model_service:load_model:56 - Model random_forest_db exists ->            Loading Model from model/models/random_forest_db_V_0.1.5.joblib ...
2024-09-22 20:44:36.246 | ERROR    | __main__:<module>:30 - An error has been caught in function '<module>', process 'MainProcess' (173321), thread 'MainThread' (139721155358720):
Traceback (most recent call last):

> File "/home/mamadou/datascience2ml/src/runner.py", line 30, in <module>
    main()
    └ <function main at 0x7f135d9852d0>

  File "/home/mamadou/datascience2ml/src/runner.py", line 22, in main
    ml_svc.load_model()
    │      └ <function ModelService.load_model at 0x7f1313a50550>
    └ <model.model_service.ModelService object at 0x7f13392eb0d0>

  File "/home/mamadou/datascience2ml/src/model/model_service.py", line 58, in load_model
    with open(model_path, 'rb') as file:
              └ PosixPath('model/models/random_forest_db_V_0.1.5.joblib')

FileNotFoundError: [Errno 2] No such file or directory: 'model/models/random_forest_db_V_0.1.5.joblib'
2024-09-22 20:47:42.570 | INFO     | __main__:main:18 - Starting the prediction process, running         the application ...
2024-09-22 20:47:42.570 | INFO     | model.model_service:load_model:43 - Checking the existence of model config file ...
2024-09-22 20:47:42.570 | WARNING  | model.model_service:load_model:52 - Model not found at model/models/random_forest_db_V_0.1.5.joblib ->                 building a new random_forest_db model ...
2024-09-22 20:47:42.570 | INFO     | model.pipeline.model:build_model:44 - Starting  Building Model Pipeline ...
2024-09-22 20:47:42.570 | INFO     | model.pipeline.preparation:prepare_data:33 - Preparing data pipeline processing ...
2024-09-22 20:47:42.571 | INFO     | model.pipeline.collect:load_data_from_db:64 - Loading data from database ...
2024-09-22 20:47:42.586 | INFO     | model.pipeline.preparation:encode_cat_cols:81 - Encoding categorical columns ['balcony', 'parking', 'furnished', 'garage', 'storage']
2024-09-22 20:47:42.590 | INFO     | model.pipeline.preparation:parse_garden_col:111 - Parsing 'garden' column ...
2024-09-22 20:47:42.591 | INFO     | model.pipeline.model:get_X_y:96 - Getting X, y data ...
2024-09-22 20:47:42.592 | INFO     | model.pipeline.model:split_train_test:134 - Splitting data in train and test ...
2024-09-22 20:47:42.593 | INFO     | model.pipeline.model:train_model:162 - Training model and tunning hyperparams ...
2024-09-22 20:47:42.593 | DEBUG    | model.pipeline.model:train_model:165 - Grid Space is {'n_estimators': [100, 200, 300], 'max_depth': [3, 6, 9, 12]}  ...
2024-09-22 20:47:59.586 | INFO     | model.pipeline.model:evaluate_model:196 - Evaluating Model, Score is         0.73
2024-09-22 20:47:59.601 | INFO     | model.pipeline.model:save_model:223 - Saving Model at model/models/random_forest_db_V_0.1.5.joblib
2024-09-22 20:47:59.699 | INFO     | model.model_service:load_model:56 - Model random_forest_db exists ->            Loading Model from model/models/random_forest_db_V_0.1.5.joblib ...
2024-09-22 20:47:59.758 | INFO     | model.model_service:predict:75 - Predicting the price of the house with the following                     parameters [85, 2015, 2, 20, 1, 1, 0, 0, 1] ...
2024-09-22 20:47:59.768 | INFO     | __main__:main:25 - Prediction is: 2017.30 ...
2024-09-22 20:47:59.768 | INFO     | __main__:main:26 - Application run completed ...
2024-09-22 20:48:17.940 | INFO     | __main__:main:18 - Starting the prediction process, running         the application ...
2024-09-22 20:48:17.941 | INFO     | model.model_service:load_model:43 - Checking the existence of model config file ...
2024-09-22 20:48:17.941 | WARNING  | model.model_service:load_model:52 - Model not found at model/models/random_forest_db_V_0.1.6.joblib ->                 building a new random_forest_db model ...
2024-09-22 20:48:17.941 | INFO     | model.pipeline.model:build_model:44 - Starting  Building Model Pipeline ...
2024-09-22 20:48:17.941 | INFO     | model.pipeline.preparation:prepare_data:33 - Preparing data pipeline processing ...
2024-09-22 20:48:17.941 | INFO     | model.pipeline.collect:load_data_from_db:64 - Loading data from database ...
2024-09-22 20:48:17.955 | INFO     | model.pipeline.preparation:encode_cat_cols:81 - Encoding categorical columns ['balcony', 'parking', 'furnished', 'garage', 'storage']
2024-09-22 20:48:17.959 | INFO     | model.pipeline.preparation:parse_garden_col:111 - Parsing 'garden' column ...
2024-09-22 20:48:17.960 | INFO     | model.pipeline.model:get_X_y:96 - Getting X, y data ...
2024-09-22 20:48:17.961 | INFO     | model.pipeline.model:split_train_test:134 - Splitting data in train and test ...
2024-09-22 20:48:17.962 | INFO     | model.pipeline.model:train_model:162 - Training model and tunning hyperparams ...
2024-09-22 20:48:17.962 | DEBUG    | model.pipeline.model:train_model:165 - Grid Space is {'n_estimators': [100, 200, 300], 'max_depth': [3, 6, 9, 12]}  ...
2024-09-22 20:48:34.646 | INFO     | model.pipeline.model:evaluate_model:196 - Evaluating Model, Score is         0.73
2024-09-22 20:48:34.661 | INFO     | model.pipeline.model:save_model:223 - Saving Model at model/models/random_forest_db_V_0.1.6.joblib
2024-09-22 20:48:34.767 | INFO     | model.model_service:load_model:56 - Model random_forest_db exists ->            Loading Model from model/models/random_forest_db_V_0.1.6.joblib ...
2024-09-22 20:48:34.810 | INFO     | model.model_service:predict:75 - Predicting the price of the house with the following                     parameters [85, 2015, 2, 20, 1, 1, 0, 0, 1] ...
2024-09-22 20:48:34.816 | INFO     | __main__:main:25 - Prediction is: 2053.05 ...
2024-09-22 20:48:34.817 | INFO     | __main__:main:26 - Application run completed ...
2024-09-22 22:18:43.604 | INFO     | __main__:main:18 - Starting the prediction process, running         the application ...
2024-09-22 22:18:43.607 | INFO     | model.model_service:load_model:44 - Checking the existence of model config file ...
2024-09-22 22:18:43.607 | WARNING  | model.model_service:load_model:52 - Model not found at model/models/random_forest_db_V_0.1.8.joblib ->                 building a new random_forest_db model ...
2024-09-22 22:18:43.607 | INFO     | model.pipeline.model:build_model:43 - Starting  Building Model Pipeline ...
2024-09-22 22:18:43.607 | INFO     | model.pipeline.preparation:prepare_data:33 - Preparing data pipeline processing ...
2024-09-22 22:18:43.607 | INFO     | model.pipeline.collect:load_data_from_db:64 - Loading data from database ...
2024-09-22 22:18:43.641 | INFO     | model.pipeline.preparation:encode_cat_cols:80 - Encoding categorical columns ['balcony', 'parking', 'furnished', 'garage', 'storage']
2024-09-22 22:18:43.648 | INFO     | model.pipeline.preparation:parse_garden_col:110 - Parsing garden column ...
2024-09-22 22:18:43.649 | INFO     | model.pipeline.model:get_X_y:103 - Getting X, y data ...
2024-09-22 22:18:43.650 | INFO     | model.pipeline.model:split_train_test:139 - Splitting data in train and test ...
2024-09-22 22:18:43.652 | INFO     | model.pipeline.model:train_model:164 - Training model and tunning hyperparams ...
2024-09-22 22:18:43.653 | DEBUG    | model.pipeline.model:train_model:167 - Grid Space is {'n_estimators': [100, 200, 300], 'max_depth': [3, 6, 9, 12]}  ...
2024-09-22 22:19:00.819 | INFO     | model.pipeline.model:evaluate_model:195 - Evaluating Model, Score is 0.72
2024-09-22 22:19:00.819 | INFO     | model.pipeline.model:save_model:218 - Saving Model at model/models/random_forest_db_V_0.1.8.joblib
2024-09-22 22:19:00.895 | INFO     | model.model_service:load_model:59 - Model random_forest_db exists ->            Loading Model from model/models/random_forest_db_V_0.1.8.joblib ...
2024-09-22 22:19:00.935 | INFO     | model.model_service:predict:80 - Predicting the price of the house with the following                     parameters [85, 2015, 2, 20, 1, 1, 0, 0, 1] ...
2024-09-22 22:19:00.945 | INFO     | __main__:main:27 - Prediction is: 1984.27 ...
2024-09-22 22:19:00.946 | INFO     | __main__:main:28 - Application run completed ...
